TN:
SF:/Users/deltajed/Desktop/Projects/C4/Math-lib/src/s21_abs.c
FN:3,s21_abs
FNDA:101002,s21_abs
FNF:1
FNH:1
DA:3,101002
DA:4,101002
LF:2
LH:2
end_of_record
TN:
SF:/Users/deltajed/Desktop/Projects/C4/Math-lib/src/s21_acos.c
FN:3,s21_acos
FNDA:220,s21_acos
FNF:1
FNH:1
DA:3,220
DA:4,220
DA:5,220
DA:6,17
DA:7,203
DA:8,1
DA:9,202
DA:10,2
DA:12,200
DA:13,220
LF:10
LH:10
end_of_record
TN:
SF:/Users/deltajed/Desktop/Projects/C4/Math-lib/src/s21_asin.c
FN:3,s21_asin
FNDA:803,s21_asin
FNF:1
FNH:1
DA:3,803
DA:4,803
DA:5,803
DA:6,401
DA:7,402
DA:8,1
DA:9,401
DA:10,1
DA:12,400
DA:13,803
LF:10
LH:10
end_of_record
TN:
SF:/Users/deltajed/Desktop/Projects/C4/Math-lib/src/s21_atan.c
FN:3,atan_calc
FNDA:604,atan_calc
FN:13,s21_atan
FNDA:607,s21_atan
FNF:2
FNH:2
DA:3,604
DA:4,604
DA:5,44009
DA:6,43405
DA:7,43405
DA:8,43405
DA:10,604
DA:13,607
DA:14,607
DA:15,607
DA:16,486
DA:17,121
DA:18,1
DA:19,120
DA:20,2
DA:21,118
DA:22,59
DA:23,59
DA:24,59
DA:26,607
LF:20
LH:20
end_of_record
TN:
SF:/Users/deltajed/Desktop/Projects/C4/Math-lib/src/s21_ceil.c
FN:13,s21_ceil
FNDA:6,s21_ceil
FNF:1
FNH:1
DA:13,6
DA:14,6
DA:15,6
DA:16,2
DA:17,6
DA:18,1234614
DA:19,6
DA:20,2
DA:22,4
DA:23,6
LF:10
LH:10
end_of_record
TN:
SF:/Users/deltajed/Desktop/Projects/C4/Math-lib/src/s21_cos.c
FN:3,s21_cos
FNDA:2,s21_cos
FNF:1
FNH:1
DA:3,2
DA:4,2
DA:5,2
DA:6,2
DA:7,46
DA:8,44
DA:9,44
DA:10,44
DA:12,2
LF:9
LH:9
end_of_record
TN:
SF:/Users/deltajed/Desktop/Projects/C4/Math-lib/src/s21_exp.c
FN:3,s21_exp
FNDA:4,s21_exp
FN:11,naturalPow
FNDA:480,naturalPow
FN:19,factorial
FNDA:480,factorial
FNF:3
FNH:3
DA:3,4
DA:4,4
DA:5,64
DA:6,60
DA:8,4
DA:11,480
DA:12,480
DA:13,480
DA:14,420
DA:16,480
DA:19,480
DA:20,480
DA:21,480
DA:22,420
DA:24,480
LF:15
LH:15
end_of_record
TN:
SF:/Users/deltajed/Desktop/Projects/C4/Math-lib/src/s21_fabs.c
FN:3,s21_fabs
FNDA:44012,s21_fabs
FNF:1
FNH:1
DA:3,44012
DA:4,44012
LF:2
LH:2
end_of_record
TN:
SF:/Users/deltajed/Desktop/Projects/C4/Math-lib/src/s21_math_test.c
FN:8,s21_abs_func_fn
FNDA:1,s21_abs_func_fn
FN:17,s21_acos_func_fn
FNDA:1,s21_acos_func_fn
FN:27,s21_asin_func_fn
FNDA:1,s21_asin_func_fn
FN:37,s21_atan_func_fn
FNDA:1,s21_atan_func_fn
FN:58,s21_ceil_func_fn
FNDA:1,s21_ceil_func_fn
FN:74,s21_cos_func_fn
FNDA:1,s21_cos_func_fn
FN:83,s21_exp_func_fn
FNDA:1,s21_exp_func_fn
FN:94,s21_fabs_func_fn
FNDA:1,s21_fabs_func_fn
FN:101,s21_math
FNDA:1,s21_math
FN:148,main
FNDA:1,main
FNF:10
FNH:10
DA:8,1
DA:9,1
DA:10,1
DA:11,101001
DA:12,101000
DA:14,1
DA:17,1
DA:18,21
DA:19,20
DA:21,201
DA:22,200
DA:24,1
DA:27,1
DA:28,3
DA:29,2
DA:31,602
DA:32,601
DA:34,1
DA:37,1
DA:38,1
DA:39,1
DA:40,1
DA:41,1
DA:42,1
DA:43,1
DA:44,1
DA:45,1
DA:46,1
DA:47,1
DA:48,1
DA:49,1
DA:50,1
DA:51,1
DA:52,201
DA:53,200
DA:55,1
DA:58,1
DA:59,1
DA:60,1
DA:61,1
DA:62,1
DA:63,1
DA:64,1
DA:65,1
DA:66,1
DA:67,1
DA:68,1
DA:69,1
DA:70,1
DA:71,1
DA:74,1
DA:75,1
DA:76,1
DA:80,1
DA:83,1
DA:84,1
DA:85,1
DA:86,1
DA:87,1
DA:91,1
DA:94,1
DA:95,1
DA:96,1
DA:97,1
DA:98,1
DA:101,1
DA:103,1
DA:114,1
DA:115,1
DA:116,1
DA:118,1
DA:119,1
DA:120,1
DA:122,1
DA:123,1
DA:124,1
DA:126,1
DA:127,1
DA:128,1
DA:130,1
DA:131,1
DA:132,1
DA:134,1
DA:135,1
DA:136,1
DA:138,1
DA:139,1
DA:140,1
DA:142,1
DA:143,1
DA:144,1
DA:145,1
DA:148,1
DA:149,1
DA:153,1
DA:154,1
DA:155,1
DA:156,1
DA:157,1
DA:158,1
DA:159,1
LF:101
LH:101
end_of_record
