TN:
SF:/Users/smthinthewayy/Math-lib/s21_fmod.c
FN:3,s21_fmod
FNDA:100,s21_fmod
DA:3,100
DA:4,100
FNF:1
FNH:1
LF:2
LH:2
end_of_record
TN:
SF:/Users/smthinthewayy/Math-lib/s21_floor.c
FN:3,s21_floor
FNDA:74,s21_floor
DA:3,74
DA:4,74
DA:5,74
DA:6,66
DA:8,8
DA:9,8
DA:10,0
DA:11,0
DA:12,8
DA:13,8
DA:14,148
DA:15,74
FNF:1
FNH:1
LF:12
LH:10
end_of_record
TN:
SF:/Users/smthinthewayy/Math-lib/s21_sin.c
FN:3,s21_sin
FNDA:40,s21_sin
DA:3,40
DA:4,40
DA:5,40
DA:6,40
DA:7,40
DA:8,20040
DA:9,20000
DA:10,20000
DA:11,20000
DA:13,80
DA:14,40
FNF:1
FNH:1
LF:11
LH:11
end_of_record
TN:
SF:/Users/smthinthewayy/Math-lib/s21_ceil.c
FN:3,s21_ceil
FNDA:66,s21_ceil
DA:3,66
DA:4,66
DA:5,66
DA:6,6
DA:7,6
DA:8,0
DA:9,0
DA:10,6
DA:11,6
DA:12,60
DA:13,132
DA:14,66
FNF:1
FNH:1
LF:12
LH:10
end_of_record
TN:
SF:/Users/smthinthewayy/Math-lib/s21_tan.c
FN:3,s21_tan
FNDA:20,s21_tan
DA:3,20
DA:4,20
DA:5,20
FNF:1
FNH:1
LF:3
LH:3
end_of_record
TN:
SF:/Users/smthinthewayy/Math-lib/s21_cos.c
FN:3,s21_cos
FNDA:40,s21_cos
DA:3,40
DA:4,40
DA:5,40
DA:6,40
DA:7,40
DA:8,20040
DA:9,20000
DA:10,20000
DA:11,20000
DA:13,80
DA:14,40
FNF:1
FNH:1
LF:11
LH:11
end_of_record
TN:
SF:/Library/Developer/CommandLineTools/SDKs/MacOSX.sdk/usr/include/math.h
FN:208,__inline_isnanf
FNDA:0,__inline_isnanf
FN:211,__inline_isnand
FNDA:50,__inline_isnand
FN:214,__inline_isnanl
FNDA:0,__inline_isnanl
DA:208,0
DA:209,0
DA:211,50
DA:212,50
DA:214,0
DA:215,0
FNF:3
FNH:1
LF:6
LH:2
end_of_record
SF:/Users/smthinthewayy/Math-lib/s21_math_test.c
FN:8,ceill_1_fn
FNDA:1,ceill_1_fn
FN:19,ceill_2_fn
FNDA:1,ceill_2_fn
FN:30,ceill_3_fn
FNDA:1,ceill_3_fn
FN:41,ceill_4_fn
FNDA:1,ceill_4_fn
FN:52,ceill_5_fn
FNDA:1,ceill_5_fn
FN:63,ceill_6_fn
FNDA:1,ceill_6_fn
FN:74,ceill_7_fn
FNDA:1,ceill_7_fn
FN:85,ceill_8_fn
FNDA:1,ceill_8_fn
FN:96,ceill_9_fn
FNDA:1,ceill_9_fn
FN:107,ceill_10_fn
FNDA:1,ceill_10_fn
FN:119,floorl_1_fn
FNDA:1,floorl_1_fn
FN:131,floorl_2_fn
FNDA:1,floorl_2_fn
FN:143,floorl_3_fn
FNDA:1,floorl_3_fn
FN:155,floorl_4_fn
FNDA:1,floorl_4_fn
FN:167,floorl_5_fn
FNDA:1,floorl_5_fn
FN:179,floorl_6_fn
FNDA:1,floorl_6_fn
FN:191,floorl_7_fn
FNDA:1,floorl_7_fn
FN:203,floorl_8_fn
FNDA:1,floorl_8_fn
FN:215,floorl_9_fn
FNDA:1,floorl_9_fn
FN:227,floorl_10_fn
FNDA:1,floorl_10_fn
FN:239,sin_1_fn
FNDA:1,sin_1_fn
FN:251,sin_2_fn
FNDA:1,sin_2_fn
FN:263,sin_3_fn
FNDA:1,sin_3_fn
FN:275,sin_4_fn
FNDA:1,sin_4_fn
FN:287,sin_5_fn
FNDA:1,sin_5_fn
FN:299,sin_6_fn
FNDA:1,sin_6_fn
FN:311,sin_7_fn
FNDA:1,sin_7_fn
FN:323,sin_8_fn
FNDA:1,sin_8_fn
FN:335,sin_9_fn
FNDA:1,sin_9_fn
FN:347,sin_10_fn
FNDA:1,sin_10_fn
FN:359,cos_1_fn
FNDA:1,cos_1_fn
FN:371,cos_2_fn
FNDA:1,cos_2_fn
FN:383,cos_3_fn
FNDA:1,cos_3_fn
FN:395,cos_4_fn
FNDA:1,cos_4_fn
FN:407,cos_5_fn
FNDA:1,cos_5_fn
FN:419,cos_6_fn
FNDA:1,cos_6_fn
FN:431,cos_7_fn
FNDA:1,cos_7_fn
FN:443,cos_8_fn
FNDA:1,cos_8_fn
FN:455,cos_9_fn
FNDA:1,cos_9_fn
FN:467,cos_10_fn
FNDA:1,cos_10_fn
FN:479,tan_1_fn
FNDA:1,tan_1_fn
FN:491,tan_2_fn
FNDA:1,tan_2_fn
FN:503,tan_3_fn
FNDA:1,tan_3_fn
FN:515,tan_4_fn
FNDA:1,tan_4_fn
FN:527,tan_5_fn
FNDA:1,tan_5_fn
FN:539,tan_6_fn
FNDA:1,tan_6_fn
FN:551,tan_7_fn
FNDA:1,tan_7_fn
FN:563,tan_8_fn
FNDA:1,tan_8_fn
FN:575,tan_9_fn
FNDA:1,tan_9_fn
FN:587,tan_10_fn
FNDA:1,tan_10_fn
FN:600,main
FNDA:51,main
DA:8,1
DA:9,1
DA:10,1
DA:11,2
DA:12,2
DA:13,1
DA:14,1
DA:15,1
DA:16,3
DA:19,1
DA:20,1
DA:21,1
DA:22,2
DA:23,2
DA:24,1
DA:25,1
DA:26,1
DA:27,3
DA:30,1
DA:31,1
DA:32,1
DA:33,2
DA:34,2
DA:35,1
DA:36,1
DA:37,1
DA:38,3
DA:41,1
DA:42,1
DA:43,1
DA:44,2
DA:45,2
DA:46,1
DA:47,1
DA:48,1
DA:49,3
DA:52,1
DA:53,1
DA:54,1
DA:55,2
DA:56,2
DA:57,1
DA:58,1
DA:59,1
DA:60,3
DA:63,1
DA:64,1
DA:65,1
DA:66,2
DA:67,2
DA:68,1
DA:69,1
DA:70,1
DA:71,3
DA:74,1
DA:75,1
DA:76,1
DA:77,2
DA:78,2
DA:79,1
DA:80,1
DA:81,1
DA:82,3
DA:85,1
DA:86,1
DA:87,1
DA:88,2
DA:89,2
DA:90,1
DA:91,1
DA:92,1
DA:93,3
DA:96,1
DA:97,1
DA:98,1
DA:99,2
DA:100,2
DA:101,1
DA:102,1
DA:103,1
DA:104,3
DA:107,1
DA:108,1
DA:109,1
DA:110,2
DA:111,2
DA:112,1
DA:113,1
DA:114,1
DA:115,3
DA:119,1
DA:121,1
DA:122,1
DA:123,2
DA:124,2
DA:125,1
DA:126,1
DA:127,1
DA:128,3
DA:131,1
DA:133,1
DA:134,1
DA:135,2
DA:136,2
DA:137,1
DA:138,1
DA:139,1
DA:140,3
DA:143,1
DA:145,1
DA:146,1
DA:147,2
DA:148,2
DA:149,1
DA:150,1
DA:151,1
DA:152,3
DA:155,1
DA:157,1
DA:158,1
DA:159,2
DA:160,2
DA:161,1
DA:162,1
DA:163,1
DA:164,3
DA:167,1
DA:169,1
DA:170,1
DA:171,2
DA:172,2
DA:173,1
DA:174,1
DA:175,1
DA:176,3
DA:179,1
DA:181,1
DA:182,1
DA:183,2
DA:184,2
DA:185,1
DA:186,1
DA:187,1
DA:188,3
DA:191,1
DA:193,1
DA:194,1
DA:195,2
DA:196,2
DA:197,1
DA:198,1
DA:199,1
DA:200,3
DA:203,1
DA:205,1
DA:206,1
DA:207,2
DA:208,2
DA:209,1
DA:210,1
DA:211,1
DA:212,3
DA:215,1
DA:217,1
DA:218,1
DA:219,2
DA:220,2
DA:221,1
DA:222,1
DA:223,1
DA:224,3
DA:227,1
DA:229,1
DA:230,1
DA:231,2
DA:232,2
DA:233,1
DA:234,1
DA:235,1
DA:236,3
DA:239,1
DA:241,1
DA:242,1
DA:243,2
DA:244,2
DA:245,1
DA:246,1
DA:247,1
DA:248,3
DA:251,1
DA:253,1
DA:254,1
DA:255,2
DA:256,2
DA:257,1
DA:258,1
DA:259,1
DA:260,3
DA:263,1
DA:265,1
DA:266,1
DA:267,2
DA:268,2
DA:269,1
DA:270,1
DA:271,1
DA:272,3
DA:275,1
DA:277,1
DA:278,1
DA:279,2
DA:280,2
DA:281,1
DA:282,1
DA:283,1
DA:284,3
DA:287,1
DA:289,1
DA:290,1
DA:291,2
DA:292,2
DA:293,1
DA:294,1
DA:295,1
DA:296,3
DA:299,1
DA:301,1
DA:302,1
DA:303,2
DA:304,2
DA:305,1
DA:306,1
DA:307,1
DA:308,3
DA:311,1
DA:313,1
DA:314,1
DA:315,2
DA:316,2
DA:317,1
DA:318,1
DA:319,1
DA:320,3
DA:323,1
DA:325,1
DA:326,1
DA:327,2
DA:328,2
DA:329,1
DA:330,1
DA:331,1
DA:332,3
DA:335,1
DA:337,1
DA:338,1
DA:339,2
DA:340,2
DA:341,1
DA:342,1
DA:343,1
DA:344,3
DA:347,1
DA:349,1
DA:350,1
DA:351,2
DA:352,2
DA:353,1
DA:354,1
DA:355,1
DA:356,3
DA:359,1
DA:361,1
DA:362,1
DA:363,2
DA:364,2
DA:365,1
DA:366,1
DA:367,1
DA:368,3
DA:371,1
DA:373,1
DA:374,1
DA:375,2
DA:376,2
DA:377,1
DA:378,1
DA:379,1
DA:380,3
DA:383,1
DA:385,1
DA:386,1
DA:387,2
DA:388,2
DA:389,1
DA:390,1
DA:391,1
DA:392,3
DA:395,1
DA:397,1
DA:398,1
DA:399,2
DA:400,2
DA:401,1
DA:402,1
DA:403,1
DA:404,3
DA:407,1
DA:409,1
DA:410,1
DA:411,2
DA:412,2
DA:413,1
DA:414,1
DA:415,1
DA:416,3
DA:419,1
DA:421,1
DA:422,1
DA:423,2
DA:424,2
DA:425,1
DA:426,1
DA:427,1
DA:428,3
DA:431,1
DA:433,1
DA:434,1
DA:435,2
DA:436,2
DA:437,1
DA:438,1
DA:439,1
DA:440,3
DA:443,1
DA:445,1
DA:446,1
DA:447,2
DA:448,2
DA:449,1
DA:450,1
DA:451,1
DA:452,3
DA:455,1
DA:457,1
DA:458,1
DA:459,2
DA:460,2
DA:461,1
DA:462,1
DA:463,1
DA:464,3
DA:467,1
DA:469,1
DA:470,1
DA:471,2
DA:472,2
DA:473,1
DA:474,1
DA:475,1
DA:476,3
DA:479,1
DA:481,1
DA:482,1
DA:483,2
DA:484,2
DA:485,1
DA:486,1
DA:487,1
DA:488,3
DA:491,1
DA:493,1
DA:494,1
DA:495,2
DA:496,2
DA:497,1
DA:498,1
DA:499,1
DA:500,3
DA:503,1
DA:505,1
DA:506,1
DA:507,2
DA:508,2
DA:509,1
DA:510,1
DA:511,1
DA:512,3
DA:515,1
DA:517,1
DA:518,1
DA:519,2
DA:520,2
DA:521,1
DA:522,1
DA:523,1
DA:524,3
DA:527,1
DA:529,1
DA:530,1
DA:531,2
DA:532,2
DA:533,1
DA:534,1
DA:535,1
DA:536,3
DA:539,1
DA:541,1
DA:542,1
DA:543,2
DA:544,2
DA:545,1
DA:546,1
DA:547,1
DA:548,3
DA:551,1
DA:553,1
DA:554,1
DA:555,2
DA:556,2
DA:557,1
DA:558,1
DA:559,1
DA:560,3
DA:563,1
DA:565,1
DA:566,1
DA:567,2
DA:568,2
DA:569,1
DA:570,1
DA:571,1
DA:572,3
DA:575,1
DA:577,1
DA:578,1
DA:579,2
DA:580,2
DA:581,1
DA:582,1
DA:583,1
DA:584,3
DA:587,1
DA:589,1
DA:590,1
DA:591,2
DA:592,2
DA:593,1
DA:594,1
DA:595,1
DA:596,3
DA:600,51
DA:601,51
DA:602,51
DA:603,51
DA:604,51
DA:606,51
DA:608,51
DA:609,51
DA:610,51
DA:611,51
DA:612,51
DA:613,51
DA:614,51
DA:615,51
DA:616,51
DA:617,51
DA:619,51
DA:620,51
DA:621,51
DA:622,51
DA:623,51
DA:624,51
DA:625,51
DA:626,51
DA:627,51
DA:628,51
DA:630,51
DA:631,51
DA:632,51
DA:633,51
DA:634,51
DA:635,51
DA:636,51
DA:637,51
DA:638,51
DA:639,51
DA:641,51
DA:642,51
DA:643,51
DA:644,51
DA:645,51
DA:646,51
DA:647,51
DA:648,51
DA:649,51
DA:650,51
DA:652,51
DA:653,51
DA:654,51
DA:655,51
DA:656,51
DA:657,51
DA:658,51
DA:659,51
DA:660,51
DA:661,51
DA:663,51
DA:664,51
DA:665,51
DA:667,102
DA:668,51
FNF:51
FNH:51
LF:511
LH:511
end_of_record
